<?xml version="1.0" encoding="UTF-8"?>
<!-- Generated by org.testng.reporters.JUnitXMLReporter -->
<testsuite ignored="0" hostname="DESKTOP-S5GPF6I" failures="1" tests="7" name="Test" time="204.694" errors="0" timestamp="2026-03-01T16:09:39 IST">
  <testcase classname="utilityPakage.BaseClass" name="@AfterMethod browser_Close" time="0.0">
    <failure type="java.lang.AssertionError" message="The following asserts failed:
	expected [true] but found [false]">
      <![CDATA[java.lang.AssertionError: The following asserts failed:
expected [true] but found [false]
at utilityPakage.BaseClass.browser_Close(BaseClass.java:34)
at java.base/java.util.ArrayList.forEach(ArrayList.java:1596)
... Removed 32 stack frames]]>
    </failure>
  </testcase> <!-- @AfterMethod browser_Close -->
  <testcase classname="amazonEndToEnd.TC1_LoginToAmezon" name="login_Withvalidcredential" time="8.634"/>
  <testcase classname="amazonEndToEnd.TC2_LogintoLogout$TC1_LoginToAmezon" name="login_Withvalidcredential_Logout" time="18.608"/>
  <testcase classname="amazonEndToEnd.TC3_Login_Serching" name="serchingProduct" time="23.213"/>
  <testcase classname="amazonEndToEnd.TC4_Login_AddToCart" name="addingProductToCart" time="42.374"/>
  <testcase classname="amazonEndToEnd.TC5_LoginFailure" name="verifyLoginFailure" time="7.583"/>
  <testcase classname="amazonEndToEnd.TC6_editProfileInfo" name="login_Withvalidcredential_Logout" time="20.572"/>
  <testcase classname="amazonEndToEnd.TC7_SerchingProductwithFilter" name="serchingProduct" time="21.278">
    <failure type="org.openqa.selenium.StaleElementReferenceException" message="stale element reference: stale element not found in the current frame
  (Session info: chrome=145.0.7632.117)
For documentation on this error, please visit: https://www.selenium.dev/documentation/webdriver/troubleshooting/errors#staleelementreferenceexception
Build info: version: &amp;apos;4.39.0&amp;apos;, revision: &amp;apos;126f156aee&amp;apos;
System info: os.name: &amp;apos;Windows 10&amp;apos;, os.arch: &amp;apos;amd64&amp;apos;, os.version: &amp;apos;10.0&amp;apos;, java.version: &amp;apos;21.0.8&amp;apos;
Driver info: org.openqa.selenium.chrome.ChromeDriver
Command: [27b24bef39e4f3eb7427284f666a4eeb, isElementEnabled {id=f.4CC55F84B79772EC473E76AB0D418C97.d.785ABA7F741A469C6BB1F96CFA2D4CF7.e.239}]
Capabilities {acceptInsecureCerts: false, browserName: chrome, browserVersion: 145.0.7632.117, chrome: {chromedriverVersion: 145.0.7632.117 (de4e5d6e13b..., userDataDir: C:\Users\HP\AppData\Local\T...}, fedcm:accounts: true, goog:chromeOptions: {debuggerAddress: localhost:63656}, goog:processID: 13328, networkConnectionEnabled: false, pageLoadStrategy: normal, platformName: windows, proxy: Proxy(), se:cdp: ws://localhost:63656/devtoo..., se:cdpVersion: 145.0.7632.117, setWindowRect: true, strictFileInteractability: false, timeouts: {implicit: 0, pageLoad: 300000, script: 30000}, unhandledPromptBehavior: dismiss and notify, webauthn:extension:credBlob: true, webauthn:extension:largeBlob: true, webauthn:extension:minPinLength: true, webauthn:extension:prf: true, webauthn:virtualAuthenticators: true}
Element: [[ChromeDriver: chrome on windows (27b24bef39e4f3eb7427284f666a4eeb)] -&amp;gt; xpath: //select[@name=&amp;apos;s&amp;apos;]]
Session ID: 27b24bef39e4f3eb7427284f666a4eeb">
      <![CDATA[org.openqa.selenium.StaleElementReferenceException: stale element reference: stale element not found in the current frame
  (Session info: chrome=145.0.7632.117)
For documentation on this error, please visit: https://www.selenium.dev/documentation/webdriver/troubleshooting/errors#staleelementreferenceexception
Build info: version: '4.39.0', revision: '126f156aee'
System info: os.name: 'Windows 10', os.arch: 'amd64', os.version: '10.0', java.version: '21.0.8'
Driver info: org.openqa.selenium.chrome.ChromeDriver
Command: [27b24bef39e4f3eb7427284f666a4eeb, isElementEnabled {id=f.4CC55F84B79772EC473E76AB0D418C97.d.785ABA7F741A469C6BB1F96CFA2D4CF7.e.239}]
Capabilities {acceptInsecureCerts: false, browserName: chrome, browserVersion: 145.0.7632.117, chrome: {chromedriverVersion: 145.0.7632.117 (de4e5d6e13b..., userDataDir: C:\Users\HP\AppData\Local\T...}, fedcm:accounts: true, goog:chromeOptions: {debuggerAddress: localhost:63656}, goog:processID: 13328, networkConnectionEnabled: false, pageLoadStrategy: normal, platformName: windows, proxy: Proxy(), se:cdp: ws://localhost:63656/devtoo..., se:cdpVersion: 145.0.7632.117, setWindowRect: true, strictFileInteractability: false, timeouts: {implicit: 0, pageLoad: 300000, script: 30000}, unhandledPromptBehavior: dismiss and notify, webauthn:extension:credBlob: true, webauthn:extension:largeBlob: true, webauthn:extension:minPinLength: true, webauthn:extension:prf: true, webauthn:virtualAuthenticators: true}
Element: [[ChromeDriver: chrome on windows (27b24bef39e4f3eb7427284f666a4eeb)] -> xpath: //select[@name='s']]
Session ID: 27b24bef39e4f3eb7427284f666a4eeb
at org.openqa.selenium.remote.ErrorCodec.decode(ErrorCodec.java:167)
at org.openqa.selenium.remote.codec.w3c.W3CHttpResponseCodec.decode(W3CHttpResponseCodec.java:142)
at org.openqa.selenium.remote.codec.w3c.W3CHttpResponseCodec.decode(W3CHttpResponseCodec.java:49)
at org.openqa.selenium.remote.HttpCommandExecutor.execute(HttpCommandExecutor.java:215)
at org.openqa.selenium.remote.service.DriverCommandExecutor.invokeExecute(DriverCommandExecutor.java:216)
at org.openqa.selenium.remote.service.DriverCommandExecutor.execute(DriverCommandExecutor.java:174)
at org.openqa.selenium.remote.RemoteWebDriver.execute(RemoteWebDriver.java:561)
at org.openqa.selenium.remote.RemoteWebElement.execute(RemoteWebElement.java:223)
at org.openqa.selenium.remote.RemoteWebElement.isEnabled(RemoteWebElement.java:181)
at org.openqa.selenium.support.pagefactory.internal.LocatingElementHandler.invoke(LocatingElementHandler.java:51)
at jdk.proxy2/jdk.proxy2.$Proxy16.isEnabled(Unknown Source)
at org.openqa.selenium.support.ui.Select.assertSelectIsEnabled(Select.java:408)
at org.openqa.selenium.support.ui.Select.selectByIndex(Select.java:172)
at amazon_Pages.SearchResultPage.FilterbyLowtoHighPrice(SearchResultPage.java:49)
at amazonEndToEnd.TC7_SerchingProductwithFilter.serchingProduct(TC7_SerchingProductwithFilter.java:30)
at java.base/java.util.ArrayList.forEach(ArrayList.java:1596)
... Removed 30 stack frames]]>
    </failure>
  </testcase> <!-- serchingProduct -->
</testsuite> <!-- Test -->
