<?xml version="1.0" encoding="UTF-8"?>
<!-- Generated by org.testng.reporters.JUnitXMLReporter -->
<testsuite ignored="0" hostname="DESKTOP-S5GPF6I" failures="0" tests="3" name="Test" time="122.156" errors="0" timestamp="2026-02-16T14:47:16 IST">
  <testcase classname="amazonEndToEnd.TC1_LoginToAmezon" name="login_Withvalidcredential" time="26.072"/>
  <testcase classname="amazonEndToEnd.TC2_LogintoLogout$TC1_LoginToAmezon" name="login_Withvalidcredential_Logout" time="24.809"/>
  <testcase classname="amazonEndToEnd.TC3_Login_Serching" name="serchingProduct" time="39.832"/>
</testsuite> <!-- Test -->
