<?xml version="1.0" encoding="UTF-8"?>
<testsuite xmlns:xsi="http://www.w3.org/2001/XMLSchema-instance" xsi:noNamespaceSchemaLocation="https://maven.apache.org/surefire/maven-surefire-plugin/xsd/surefire-test-report.xsd" version="3.0.2" name="TestSuite" time="123.403" tests="3" errors="0" skipped="0" failures="0">
  <properties>
[...]
</properties>
  <testcase name="login_Withvalidcredential" classname="amazonEndToEnd.TC1_LoginToAmezon" time="26.063">
    <system-err><![CDATA[SLF4J: Failed to load class "org.slf4j.impl.StaticLoggerBinder".
SLF4J: Defaulting to no-operation (NOP) logger implementation
SLF4J: See http://www.slf4j.org/codes.html#StaticLoggerBinder for further details.
Feb 16, 2026 2:45:16 PM org.openqa.selenium.devtools.CdpVersionFinder findNearestMatch
WARNING: Unable to find an exact match for CDP version 144, returning the closest version; found: 143; Please update to a Selenium version that supports CDP version 144
]]></system-err>
  </testcase>
  <testcase name="login_Withvalidcredential_Logout" classname="amazonEndToEnd.TC2_LogintoLogout$TC1_LoginToAmezon" time="24.815">
    <system-out><![CDATA[Mon Feb 16 14:45:47 IST 2026
]]></system-out>
    <system-err><![CDATA[Feb 16, 2026 2:45:50 PM org.openqa.selenium.devtools.CdpVersionFinder findNearestMatch
WARNING: Unable to find an exact match for CDP version 144, returning the closest version; found: 143; Please update to a Selenium version that supports CDP version 144
]]></system-err>
  </testcase>
  <testcase name="serchingProduct" classname="amazonEndToEnd.TC3_Login_Serching" time="39.835">
    <system-out><![CDATA[Mon Feb 16 14:46:19 IST 2026
]]></system-out>
    <system-err><![CDATA[Feb 16, 2026 2:46:27 PM org.openqa.selenium.devtools.CdpVersionFinder findNearestMatch
WARNING: Unable to find an exact match for CDP version 144, returning the closest version; found: 143; Please update to a Selenium version that supports CDP version 144
]]></system-err>
  </testcase>
</testsuite>