<?xml version="1.0" encoding="UTF-8"?>
<testng-results ignored="0" total="1" passed="1" failed="0" skipped="0">
  <reporter-output>
  </reporter-output>
  <suite started-at="2026-03-01T16:39:46 IST" name="Default suite" finished-at="2026-03-01T16:40:20 IST" duration-ms="33500">
    <groups>
    </groups>
    <test started-at="2026-03-01T16:39:46 IST" name="Default test" finished-at="2026-03-01T16:40:20 IST" duration-ms="33500">
      <class name="amazonEndToEnd.TC7_SerchingProductwithFilter">
        <test-method is-config="true" signature="browser_launch(java.lang.String)[pri:0, instance:amazonEndToEnd.TC7_SerchingProductwithFilter@557caf28]" started-at="2026-03-01T16:39:46 IST" name="browser_launch" finished-at="2026-03-01T16:39:51 IST" duration-ms="4705" status="PASS">
          <params>
            <param index="0">
              <value>
                <![CDATA[chrome]]>
              </value>
            </param>
          </params>
          <reporter-output>
          </reporter-output>
        </test-method> <!-- browser_launch -->
        <test-method signature="serchingProduct()[pri:0, instance:amazonEndToEnd.TC7_SerchingProductwithFilter@557caf28]" started-at="2026-03-01T16:39:51 IST" name="serchingProduct" finished-at="2026-03-01T16:40:19 IST" duration-ms="27672" status="PASS">
          <reporter-output>
          </reporter-output>
        </test-method> <!-- serchingProduct -->
        <test-method is-config="true" signature="browser_Close()[pri:0, instance:amazonEndToEnd.TC7_SerchingProductwithFilter@557caf28]" started-at="2026-03-01T16:40:19 IST" name="browser_Close" finished-at="2026-03-01T16:40:20 IST" duration-ms="573" status="PASS">
          <reporter-output>
          </reporter-output>
        </test-method> <!-- browser_Close -->
      </class> <!-- amazonEndToEnd.TC7_SerchingProductwithFilter -->
    </test> <!-- Default test -->
  </suite> <!-- Default suite -->
</testng-results>
