<?xml version="1.0" encoding="UTF-8"?>
<!-- Generated by org.testng.reporters.JUnitReportReporter -->
<testsuite hostname="DESKTOP-S5GPF6I" failures="0" tests="1" name="amazonEndToEnd.TC6_editProfileInfo" time="36.509" errors="0" timestamp="2026-03-01T16:09:40 IST" skipped="0">
  <testcase classname="amazonEndToEnd.TC6_editProfileInfo" name="login_Withvalidcredential_Logout" time="36.509"/>
  <system-out>
    <![CDATA[TC1_LoginToAmezon is passed
TC2_LogintoLogout is passed
TC3_SerchingTheProduct 
TC4_Login_AddToCart is pass]]>
  </system-out>
</testsuite> <!-- amazonEndToEnd.TC6_editProfileInfo -->
