<?xml version="1.0" encoding="UTF-8"?>
<!-- Generated by org.testng.reporters.JUnitReportReporter -->
<testsuite hostname="DESKTOP-S5GPF6I" failures="0" tests="1" name="amazonEndToEnd.TC3_Login_Serching" time="31.774" errors="0" timestamp="2026-03-01T16:09:40 IST" skipped="0">
  <testcase classname="amazonEndToEnd.TC3_Login_Serching" name="serchingProduct" time="31.774">
    <system-out>
      <![CDATA[TC3_SerchingTheProduct ]]>
    </system-out>
  </testcase> <!-- serchingProduct -->
  <system-out>
    <![CDATA[TC1_LoginToAmezon is passed
TC2_LogintoLogout is passed
TC3_SerchingTheProduct 
TC4_Login_AddToCart is pass]]>
  </system-out>
</testsuite> <!-- amazonEndToEnd.TC3_Login_Serching -->
