<?xml version="1.0" encoding="UTF-8"?>
<!-- Generated by org.testng.reporters.JUnitReportReporter -->
<testsuite hostname="DESKTOP-S5GPF6I" failures="0" tests="1" name="amazonEndToEnd.TC4_Login_AddToCart" time="47.644" errors="0" timestamp="2026-03-01T16:09:40 IST" skipped="0">
  <testcase classname="amazonEndToEnd.TC4_Login_AddToCart" name="addingProductToCart" time="47.644">
    <system-out>
      <![CDATA[TC4_Login_AddToCart is pass]]>
    </system-out>
  </testcase> <!-- addingProductToCart -->
  <system-out>
    <![CDATA[TC1_LoginToAmezon is passed
TC2_LogintoLogout is passed
TC3_SerchingTheProduct 
TC4_Login_AddToCart is pass]]>
  </system-out>
</testsuite> <!-- amazonEndToEnd.TC4_Login_AddToCart -->
