<?xml version="1.0" encoding="UTF-8"?>
<!-- Generated by org.testng.reporters.JUnitReportReporter -->
<testsuite hostname="DESKTOP-S5GPF6I" failures="0" tests="1" name="amazonEndToEnd.TC1_LoginToAmezon" time="33.754" errors="0" timestamp="2026-02-16T14:47:16 IST" skipped="0">
  <testcase classname="amazonEndToEnd.TC1_LoginToAmezon" name="login_Withvalidcredential" time="33.754">
    <system-out>
      <![CDATA[TC1_LoginToAmezon is passed]]>
    </system-out>
  </testcase> <!-- login_Withvalidcredential -->
  <system-out>
    <![CDATA[TC1_LoginToAmezon is passed
TC2_LogintoLogout is passed
TC3_SerchingTheProduct ]]>
  </system-out>
</testsuite> <!-- amazonEndToEnd.TC1_LoginToAmezon -->
