<?xml version="1.0" encoding="UTF-8"?>
<!-- Generated by org.testng.reporters.JUnitReportReporter -->
<testsuite hostname="DESKTOP-S5GPF6I" failures="0" tests="1" name="amazonEndToEnd.TC3_SerchingTheProduct" time="36.764" errors="0" timestamp="2026-02-16T14:02:21 IST" skipped="0">
  <testcase classname="amazonEndToEnd.TC3_SerchingTheProduct" name="serchingProduct" time="36.764">
    <system-out>
      <![CDATA[TC3_SerchingTheProduct ]]>
    </system-out>
  </testcase> <!-- serchingProduct -->
  <system-out>
    <![CDATA[TC1_LoginToAmezon is passed
TC2_LogintoLogout is passed
TC3_SerchingTheProduct ]]>
  </system-out>
</testsuite> <!-- amazonEndToEnd.TC3_SerchingTheProduct -->
